<?xml version="1.0" encoding="UTF-8" ?>
<testsuite tests="1" failures="1" name="TestWelcome" time="0.268" errors="0" skipped="0">
  <properties>
[...]
</properties>
  <testcase classname="TestWelcome" name="TestWelcome.testWelcome" time="0.268">
    <failure type="java.lang.NullPointerException">java.lang.NullPointerException
	at TestWelcome.testWelcome(TestWelcome.java:31)
</failure>
    <system-out>11:22:02,657 |-INFO in ch.qos.logback.classic.LoggerContext[default] - Could NOT find resource [logback-test.xml]
11:22:02,658 |-INFO in ch.qos.logback.classic.LoggerContext[default] - Could NOT find resource [logback.groovy]
11:22:02,658 |-INFO in ch.qos.logback.classic.LoggerContext[default] - Found resource [logback.xml] at [file:/C:/Dev/Projects/sample-mvc/target/classes/logback.xml]
11:22:02,787 |-INFO in ch.qos.logback.classic.joran.action.ConfigurationAction - debug attribute not set
11:22:02,787 |-INFO in ch.qos.logback.core.joran.action.AppenderAction - About to instantiate appender of type [ch.qos.logback.core.ConsoleAppender]
11:22:02,792 |-INFO in ch.qos.logback.core.joran.action.AppenderAction - Naming appender as [STDOUT]
11:22:02,841 |-WARN in ch.qos.logback.core.ConsoleAppender[STDOUT] - This appender no longer admits a layout as a sub-component, set an encoder instead.
11:22:02,841 |-WARN in ch.qos.logback.core.ConsoleAppender[STDOUT] - To ensure compatibility, wrapping your layout in LayoutWrappingEncoder.
11:22:02,841 |-WARN in ch.qos.logback.core.ConsoleAppender[STDOUT] - See also http://logback.qos.ch/codes.html#layoutInsteadOfEncoder for details
11:22:02,842 |-INFO in ch.qos.logback.classic.joran.action.LoggerAction - Setting level of logger [com.mkyong.web] to DEBUG
11:22:02,842 |-INFO in ch.qos.logback.classic.joran.action.LoggerAction - Setting additivity of logger [com.mkyong.web] to false
11:22:02,842 |-INFO in ch.qos.logback.core.joran.action.AppenderRefAction - Attaching appender named [STDOUT] to Logger[com.mkyong.web]
11:22:02,843 |-INFO in ch.qos.logback.classic.joran.action.RootLoggerAction - Setting level of ROOT logger to ERROR
11:22:02,843 |-INFO in ch.qos.logback.core.joran.action.AppenderRefAction - Attaching appender named [STDOUT] to Logger[ROOT]
11:22:02,843 |-INFO in ch.qos.logback.classic.joran.action.ConfigurationAction - End of configuration.
11:22:02,844 |-INFO in ch.qos.logback.classic.joran.JoranConfigurator@306cf3ea - Registering current configuration as safe fallback point

</system-out>
  </testcase>
</testsuite>